<?xml version="1.0" encoding="UTF-8" ?>
<testsuite tests="6" failures="0" name="test.TestCipher" time="1.524" errors="0" skipped="0">
  <properties>
[...]
</properties>
  <testcase classname="test.TestCipher" name="testAES" time="1.231"/>
  <testcase classname="test.TestCipher" name="testDES" time="0.002"/>
  <testcase classname="test.TestCipher" name="testRSA" time="0.147"/>
  <testcase classname="test.TestCipher" name="testSM2" time="0.124"/>
  <testcase classname="test.TestCipher" name="testSM4" time="0.009"/>
  <testcase classname="test.TestCipher" name="testELGAMAL" time="0.011"/>
</testsuite>